[23May2025 16:22:07.694] [main/INFO] [cpw.mods.modlauncher.Launcher/MODLAUNCHER]: ModLauncher running: args [--launchTarget, forge_userdev_data, --assetIndex, 17, --assetsDir, C:\Users\lorel\.gradle\caches\forge_gradle\assets, --gameDir, ., --mod, talesofalbion, --all, --output, C:\GitHub\Tales_of_Albion-1.21.X\src\generated\resources, --existing, C:\GitHub\Tales_of_Albion-1.21.X\src\main\resources]
[23May2025 16:22:07.694] [main/INFO] [cpw.mods.modlauncher.Launcher/MODLAUNCHER]: JVM identified as Eclipse Adoptium OpenJDK 64-Bit Server VM 21.0.7+6-LTS
[23May2025 16:22:07.694] [main/INFO] [cpw.mods.modlauncher.Launcher/MODLAUNCHER]: ModLauncher 10.2.1 starting: java version 21.0.7 by Eclipse Adoptium; OS Windows 11 arch amd64 version 10.0
[23May2025 16:22:07.836] [main/INFO] [net.minecraftforge.fml.loading.ImmediateWindowHandler/]: ImmediateWindowProvider not loading because launch target is forge_userdev_data
[23May2025 16:22:07.977] [main/INFO] [mixin/]: SpongePowered MIXIN Subsystem Version=0.8.7 Source=jar:file:///C:/Users/lorel/.gradle/caches/modules-2/files-2.1/org.spongepowered/mixin/0.8.7/8ab114ac385e6dbdad5efafe28aba4df8120915f/mixin-0.8.7.jar!/ Service=ModLauncher Env=UNKNOWN
[23May2025 16:22:09.313] [main/INFO] [net.minecraftforge.fml.loading.moddiscovery.JarInJarDependencyLocator/]: Found 2 dependencies adding them to mods collection
[23May2025 16:22:09.381] [main/ERROR] [net.minecraftforge.fml.loading.LanguageLoadingProvider/LOADING]: Missing language javafml version [55,) wanted by geckolib-forge-1.21.5-5.0.1.jar, found 51.0.33
[23May2025 16:22:10.402] [main/INFO] [cpw.mods.modlauncher.LaunchServiceHandler/MODLAUNCHER]: Launching target 'forge_userdev_data' with arguments [--gameDir, ., --assetsDir, C:\Users\lorel\.gradle\caches\forge_gradle\assets, --assetIndex, 17, --mod, talesofalbion, --all, --output, C:\GitHub\Tales_of_Albion-1.21.X\src\generated\resources, --existing, C:\GitHub\Tales_of_Albion-1.21.X\src\main\resources]
[23May2025 16:22:10.632] [main/WARN] [mixin/]: Mixin environment was unable to detect the current side, sided mixins will not be applied
[23May2025 16:22:17.346] [main/FATAL] [net.minecraftforge.fml.ModLoader/CORE]: Error during pre-loading phase
net.minecraftforge.fml.ModLoadingException: fml.language.missingversion
	at LAYER PLUGIN/net.minecraftforge.fmlcore@1.21-51.0.33/net.minecraftforge.fml.ModLoadingException.lambda$fromEarlyException$0(ModLoadingException.java:50) ~[fmlcore-1.21-51.0.33.jar:1.0]
	at java.base/java.util.stream.ReferencePipeline$3$1.accept(ReferencePipeline.java:197) ~[?:?]
	at java.base/java.util.AbstractList$RandomAccessSpliterator.forEachRemaining(AbstractList.java:722) ~[?:?]
	at java.base/java.util.stream.AbstractPipeline.copyInto(AbstractPipeline.java:509) ~[?:?]
	at java.base/java.util.stream.AbstractPipeline.wrapAndCopyInto(AbstractPipeline.java:499) ~[?:?]
	at java.base/java.util.stream.ForEachOps$ForEachOp.evaluateSequential(ForEachOps.java:151) ~[?:?]
	at java.base/java.util.stream.ForEachOps$ForEachOp$OfRef.evaluateSequential(ForEachOps.java:174) ~[?:?]
	at java.base/java.util.stream.AbstractPipeline.evaluate(AbstractPipeline.java:234) ~[?:?]
	at java.base/java.util.stream.ReferencePipeline.forEach(ReferencePipeline.java:596) ~[?:?]
	at java.base/java.util.stream.ReferencePipeline$7$1.accept(ReferencePipeline.java:276) ~[?:?]
	at java.base/java.util.ArrayList$ArrayListSpliterator.forEachRemaining(ArrayList.java:1708) ~[?:?]
	at java.base/java.util.stream.AbstractPipeline.copyInto(AbstractPipeline.java:509) ~[?:?]
	at java.base/java.util.stream.AbstractPipeline.wrapAndCopyInto(AbstractPipeline.java:499) ~[?:?]
	at java.base/java.util.stream.ReduceOps$ReduceOp.evaluateSequential(ReduceOps.java:921) ~[?:?]
	at java.base/java.util.stream.AbstractPipeline.evaluate(AbstractPipeline.java:234) ~[?:?]
	at java.base/java.util.stream.ReferencePipeline.collect(ReferencePipeline.java:682) ~[?:?]
	at LAYER PLUGIN/net.minecraftforge.fmlcore@1.21-51.0.33/net.minecraftforge.fml.ModLoader.<init>(ModLoader.java:98) ~[fmlcore-1.21-51.0.33.jar:1.0]
	at LAYER PLUGIN/net.minecraftforge.fmlcore@1.21-51.0.33/net.minecraftforge.fml.ModLoader.get(ModLoader.java:130) ~[fmlcore-1.21-51.0.33.jar:1.0]
	at TRANSFORMER/forge@51.0.33/net.minecraftforge.event.ForgeEventFactory.<clinit>(ForgeEventFactory.java:219) ~[forge-1.21-51.0.33_mapped_parchment_2025.04.19-1.21.5-recomp.jar:?]
	at TRANSFORMER/forge@51.0.33/net.minecraftforge.common.ForgeHooks.gatherItemComponents(ForgeHooks.java:1280) ~[forge-1.21-51.0.33_mapped_parchment_2025.04.19-1.21.5-recomp.jar:?]
	at TRANSFORMER/minecraft@1.21/net.minecraft.world.item.Item.components(Item.java:114) ~[forge-1.21-51.0.33_mapped_parchment_2025.04.19-1.21.5-recomp.jar:?]
	at TRANSFORMER/minecraft@1.21/net.minecraft.world.item.ItemStack.<init>(ItemStack.java:250) ~[forge-1.21-51.0.33_mapped_parchment_2025.04.19-1.21.5-recomp.jar:?]
	at TRANSFORMER/minecraft@1.21/net.minecraft.world.item.ItemStack.<init>(ItemStack.java:234) ~[forge-1.21-51.0.33_mapped_parchment_2025.04.19-1.21.5-recomp.jar:?]
	at TRANSFORMER/minecraft@1.21/net.minecraft.world.food.FoodProperties$Builder.m_338825_(FoodProperties.java:86) ~[forge-1.21-51.0.33_mapped_parchment_2025.04.19-1.21.5-recomp.jar:?]
	at TRANSFORMER/minecraft@1.21/net.minecraft.world.food.Foods.stew(Foods.java:87) ~[forge-1.21-51.0.33_mapped_parchment_2025.04.19-1.21.5-recomp.jar:?]
	at TRANSFORMER/minecraft@1.21/net.minecraft.world.food.Foods.<clinit>(Foods.java:12) ~[forge-1.21-51.0.33_mapped_parchment_2025.04.19-1.21.5-recomp.jar:?]
	at TRANSFORMER/minecraft@1.21/net.minecraft.world.item.Items.<clinit>(Items.java:883) ~[forge-1.21-51.0.33_mapped_parchment_2025.04.19-1.21.5-recomp.jar:?]
	at TRANSFORMER/minecraft@1.21/net.minecraft.world.level.block.ComposterBlock.bootStrap(ComposterBlock.java:74) ~[forge-1.21-51.0.33_mapped_parchment_2025.04.19-1.21.5-recomp.jar:?]
	at TRANSFORMER/minecraft@1.21/net.minecraft.server.Bootstrap.bootStrap(Bootstrap.java:46) ~[forge-1.21-51.0.33_mapped_parchment_2025.04.19-1.21.5-recomp.jar:?]
	at TRANSFORMER/forge@51.0.33/net.minecraftforge.data.loading.DatagenModLoader.begin(DatagenModLoader.java:45) ~[forge-1.21-51.0.33_mapped_parchment_2025.04.19-1.21.5-recomp.jar:?]
	at TRANSFORMER/minecraft@1.21/net.minecraft.data.Main.main(Main.java:101) ~[forge-1.21-51.0.33_mapped_parchment_2025.04.19-1.21.5-recomp.jar:?]
	at java.base/jdk.internal.reflect.DirectMethodHandleAccessor.invoke(DirectMethodHandleAccessor.java:103) ~[?:?]
	at java.base/java.lang.reflect.Method.invoke(Method.java:580) ~[?:?]
	at SECURE-BOOTSTRAP/net.minecraftforge.fmlloader@1.21-51.0.33/net.minecraftforge.fml.loading.targets.CommonLaunchHandler.runTarget(CommonLaunchHandler.java:91) ~[fmlloader-1.21-51.0.33.jar!/:?]
	at SECURE-BOOTSTRAP/net.minecraftforge.fmlloader@1.21-51.0.33/net.minecraftforge.fml.loading.targets.CommonLaunchHandler.lambda$makeService$0(CommonLaunchHandler.java:75) ~[fmlloader-1.21-51.0.33.jar!/:?]
	at SECURE-BOOTSTRAP/cpw.mods.modlauncher@10.2.1/cpw.mods.modlauncher.LaunchServiceHandler.launch(LaunchServiceHandler.java:77) [modlauncher-10.2.1.jar!/:?]
	at SECURE-BOOTSTRAP/cpw.mods.modlauncher@10.2.1/cpw.mods.modlauncher.LaunchServiceHandler.launch(LaunchServiceHandler.java:97) [modlauncher-10.2.1.jar!/:?]
	at SECURE-BOOTSTRAP/cpw.mods.modlauncher@10.2.1/cpw.mods.modlauncher.Launcher.run(Launcher.java:116) [modlauncher-10.2.1.jar!/:?]
	at SECURE-BOOTSTRAP/cpw.mods.modlauncher@10.2.1/cpw.mods.modlauncher.Launcher.main(Launcher.java:75) [modlauncher-10.2.1.jar!/:?]
	at SECURE-BOOTSTRAP/cpw.mods.modlauncher@10.2.1/cpw.mods.modlauncher.BootstrapEntry.main(BootstrapEntry.java:17) [modlauncher-10.2.1.jar!/:?]
	at net.minecraftforge.bootstrap@2.1.3/net.minecraftforge.bootstrap.Bootstrap.moduleMain(Bootstrap.java:188) [bootstrap-2.1.3.jar!/:?]
	at java.base/jdk.internal.reflect.DirectMethodHandleAccessor.invoke(DirectMethodHandleAccessor.java:103) ~[?:?]
	at java.base/java.lang.reflect.Method.invoke(Method.java:580) ~[?:?]
	at net.minecraftforge.bootstrap.Bootstrap.bootstrapMain(Bootstrap.java:133) [bootstrap-2.1.3.jar:2.1.3]
	at net.minecraftforge.bootstrap.Bootstrap.start(Bootstrap.java:53) [bootstrap-2.1.3.jar:2.1.3]
	at net.minecraftforge.bootstrap.ForgeBootstrap.main(ForgeBootstrap.java:19) [bootstrap-2.1.3.jar:2.1.3]
